[templates.envytheme.com/milkwash/default/index.html]
[backblue.gif]
[fade.gif]
[index.html]
[templates.envytheme.com/milkwash/default/assets/css/bootstrap.min.css]
[templates.envytheme.com/milkwash/default/assets/css/font-awesome.min.css]
[templates.envytheme.com/milkwash/default/assets/css/owl.carousel.css]
[templates.envytheme.com/milkwash/default/assets/css/magnific-popup.css]
[templates.envytheme.com/milkwash/default/assets/css/slicknav.min.css]
[templates.envytheme.com/milkwash/default/assets/css/animate.css]
[templates.envytheme.com/milkwash/default/assets/css/style.css]
[templates.envytheme.com/milkwash/default/assets/css/responsive.css]
[templates.envytheme.com/milkwash/default/assets/css/color/default-color.css]
[templates.envytheme.com/milkwash/default/assets/dist/color-switcher.css]
[templates.envytheme.com/milkwash/default/assets/img/favicon.png]
[templates.envytheme.com/milkwash/default/assets/img/loader.gif]
[templates.envytheme.com/milkwash/default/index-2.html]
[templates.envytheme.com/milkwash/default/assets/img/logo.png]
[templates.envytheme.com/milkwash/default/index-3.html]
[templates.envytheme.com/milkwash/default/index-4.html]
[templates.envytheme.com/milkwash/default/index-5.html]
[templates.envytheme.com/milkwash/default/index-6.html]
[templates.envytheme.com/milkwash/default/about.html]
[templates.envytheme.com/milkwash/default/blog-2.html]
[templates.envytheme.com/milkwash/default/single-post.html]
[templates.envytheme.com/milkwash/default/single-shop.html]
[templates.envytheme.com/milkwash/default/single-service.html]
[templates.envytheme.com/milkwash/default/single-project.html]
[templates.envytheme.com/milkwash/default/our-team.html]
[templates.envytheme.com/milkwash/default/profile-details.html]
[templates.envytheme.com/milkwash/default/faq.html]
[templates.envytheme.com/milkwash/default/404.html]
[templates.envytheme.com/milkwash/default/services.html]
[templates.envytheme.com/milkwash/default/apartment-service.html]
[templates.envytheme.com/milkwash/default/office-service.html]
[templates.envytheme.com/milkwash/default/house-service.html]
[templates.envytheme.com/milkwash/default/car-service.html]
[templates.envytheme.com/milkwash/default/maintenance-service.html]
[templates.envytheme.com/milkwash/default/projects.html]
[templates.envytheme.com/milkwash/default/projects-2.html]
[templates.envytheme.com/milkwash/default/gallery.html]
[templates.envytheme.com/milkwash/default/shop.html]
[templates.envytheme.com/milkwash/default/shop-2.html]
[templates.envytheme.com/milkwash/default/checkout.html]
[templates.envytheme.com/milkwash/default/blog.html]
[templates.envytheme.com/milkwash/default/single-post-2.html]
[templates.envytheme.com/milkwash/default/contact-us.html]
[templates.envytheme.com/milkwash/default/assets/img/shop-item-bg-3.png]
[templates.envytheme.com/milkwash/default/assets/img/shop-item-bg-2.png]
[templates.envytheme.com/milkwash/default/assets/img/check.png]
[templates.envytheme.com/milkwash/default/assets/img/service-team.jpg]
[templates.envytheme.com/milkwash/default/assets/img/project-bg-1.jpg]
[templates.envytheme.com/milkwash/default/assets/img/project-bg-2.jpg]
[templates.envytheme.com/milkwash/default/assets/img/project-bg-3.jpg]
[templates.envytheme.com/milkwash/default/assets/img/project-bg-4.jpg]
[templates.envytheme.com/milkwash/default/assets/img/project-bg-5.jpg]
[templates.envytheme.com/milkwash/default/assets/img/project-bg-6.jpg]
[templates.envytheme.com/milkwash/default/assets/img/team-1.jpg]
[templates.envytheme.com/milkwash/default/assets/img/team-2.jpg]
[templates.envytheme.com/milkwash/default/assets/img/team-3.jpg]
[templates.envytheme.com/milkwash/default/assets/img/team-4.jpg]
[templates.envytheme.com/milkwash/default/assets/img/team-5.jpg]
[templates.envytheme.com/milkwash/default/assets/img/team-6.jpg]
[templates.envytheme.com/milkwash/default/assets/img/client-img.jpg]
[templates.envytheme.com/milkwash/default/assets/img/qoute.png]
[templates.envytheme.com/milkwash/default/assets/img/footer-logo.png]
[templates.envytheme.com/milkwash/default/assets/img/blog-img-1.jpg]
[templates.envytheme.com/milkwash/default/assets/img/blog-img-2.jpg]
[templates.envytheme.com/milkwash/default/assets/img/blog-img-3.jpg]
[templates.envytheme.com/milkwash/default/assets/img/mastercard.png]
[templates.envytheme.com/milkwash/default/assets/img/paypal.png]
[templates.envytheme.com/milkwash/default/assets/img/visa02.png]
[templates.envytheme.com/milkwash/default/assets/img/americanexpress.png]
[templates.envytheme.com/milkwash/default/assets/js/jquery-1.12.4.min.js]
[templates.envytheme.com/milkwash/default/assets/js/bootstrap.min.js]
[templates.envytheme.com/milkwash/default/assets/js/popper.min.js]
[templates.envytheme.com/milkwash/default/assets/js/owl.carousel.min.js]
[templates.envytheme.com/milkwash/default/assets/js/jquery.slicknav.min.js]
[templates.envytheme.com/milkwash/default/assets/js/jquery.magnific-popup.min.js]
[templates.envytheme.com/milkwash/default/assets/js/mixitup.min.js]
[templates.envytheme.com/milkwash/default/assets/js/wow.min.js]
[templates.envytheme.com/milkwash/default/assets/js/jquery.counterup.min.js]
[templates.envytheme.com/milkwash/default/assets/js/waypoints.min.js]
[templates.envytheme.com/milkwash/default/assets/js/active.js]
[templates.envytheme.com/milkwash/default/assets/dist/color-switcher.js]
[templates.envytheme.com/milkwash/default/index.html]
[templates.envytheme.com/milkwash/default/assets/css/bootstrap.min.css]
[templates.envytheme.com/milkwash/default/assets/dist/active-switcher.js]
[templates.envytheme.com/milkwash/default/assets/fonts/fontawesome-webfont3e6e.eot]
[templates.envytheme.com/milkwash/default/assets/fonts/fontawesome-webfont3e6e.woff2]
[templates.envytheme.com/milkwash/default/assets/fonts/fontawesome-webfontd41d.eot]
[templates.envytheme.com/milkwash/default/assets/fonts/fontawesome-webfont3e6e.woff]
[templates.envytheme.com/milkwash/default/assets/fonts/fontawesome-webfont3e6e.ttf]
[templates.envytheme.com/milkwash/default/assets/css/font-awesome.min.css]
[templates.envytheme.com/milkwash/default/assets/css/owl.carousel.css]
[templates.envytheme.com/milkwash/default/assets/css/magnific-popup.css]
[templates.envytheme.com/milkwash/default/assets/css/slicknav.min.css]
[templates.envytheme.com/milkwash/default/assets/css/animate.css]
[templates.envytheme.com/milkwash/default/assets/img/slide-bg-1.jpg]
[templates.envytheme.com/milkwash/default/assets/img/slide-bg-2.jpg]
[templates.envytheme.com/milkwash/default/assets/img/slide-bg-3.jpg]
[templates.envytheme.com/milkwash/default/assets/img/service-bg-1.jpg]
[templates.envytheme.com/milkwash/default/assets/fonts/fontawesome-webfont3e6e.svg]
[templates.envytheme.com/milkwash/default/assets/img/service-bg-2.jpg]
[templates.envytheme.com/milkwash/default/assets/img/service-bg-3.jpg]
[templates.envytheme.com/milkwash/default/assets/img/service-bg-4.jpg]
[templates.envytheme.com/milkwash/default/assets/img/service-bg-5.jpg]
[templates.envytheme.com/milkwash/default/assets/img/service-bg-6.jpg]
[templates.envytheme.com/milkwash/default/assets/img/promo-video-bg.jpg]
[templates.envytheme.com/milkwash/default/assets/img/shop-item-bg-1.png]
[templates.envytheme.com/milkwash/default/assets/img/shop-item-bg-4.png]
[templates.envytheme.com/milkwash/default/assets/img/shop-item-bg-5.png]
[templates.envytheme.com/milkwash/default/assets/img/shop-item-bg-6.png]
[templates.envytheme.com/milkwash/default/assets/img/shop-item-bg-7.png]
[templates.envytheme.com/milkwash/default/assets/img/shop-item-bg-8.png]
[templates.envytheme.com/milkwash/default/assets/img/blog-img-4.jpg]
[templates.envytheme.com/milkwash/default/assets/img/blog-img-5.jpg]
[templates.envytheme.com/milkwash/default/assets/img/bread-cumb-bg.jpg]
[templates.envytheme.com/milkwash/default/assets/img/slide-bg-4.jpg]
[templates.envytheme.com/milkwash/default/assets/img/achivment-section-bg.jpg]
[templates.envytheme.com/milkwash/default/assets/img/testimonial-bg.jpg]
[templates.envytheme.com/milkwash/default/assets/img/subscription-bg.jpg]
[templates.envytheme.com/milkwash/default/assets/img/footer_bg.png]
[templates.envytheme.com/milkwash/default/assets/img/about-img/about-bg.jpg]
[templates.envytheme.com/milkwash/default/assets/img/work-img/work-bg.png]
[templates.envytheme.com/milkwash/default/assets/img/work-img/uptodown.png]
[templates.envytheme.com/milkwash/default/assets/img/testimonial/testimonial.png]
[templates.envytheme.com/milkwash/default/assets/img/contact-image/contact-bg.jpg]
[templates.envytheme.com/milkwash/default/assets/img/footer/footer-bg.png]
[templates.envytheme.com/milkwash/default/assets/img/slider-bg-6.jpg]
[templates.envytheme.com/milkwash/default/assets/img/slider-bg-7.jpg]
[templates.envytheme.com/milkwash/default/assets/img/clean-messege/clean-messege.jpg]
[templates.envytheme.com/milkwash/default/assets/img/testimonial/test-bg.jpg]
[templates.envytheme.com/milkwash/default/assets/img/car-washing/car-slider.jpg]
[templates.envytheme.com/milkwash/default/assets/img/car-washing/aboutimg.jpg]
[templates.envytheme.com/milkwash/default/assets/img/car-washing/testimonials-bg.jpg]
[templates.envytheme.com/milkwash/default/assets/img/car-washing/footer-bg.jpg]
[templates.envytheme.com/milkwash/default/assets/css/style.css]
[templates.envytheme.com/milkwash/default/assets/css/responsive.css]
[templates.envytheme.com/milkwash/default/assets/css/color/default-color.css]
[templates.envytheme.com/milkwash/default/assets/dist/color-switcher.css]
[templates.envytheme.com/milkwash/default/index-2.html]
[templates.envytheme.com/milkwash/default/index-3.html]
[templates.envytheme.com/milkwash/default/assets/css/flaticon.css]
[templates.envytheme.com/milkwash/default/assets/css/owl.theme.default.min.css]
[templates.envytheme.com/milkwash/default/assets/css/color/pink-color.css]
[templates.envytheme.com/milkwash/default/assets/img/logo2.png]
[templates.envytheme.com/milkwash/default/assets/img/slider-background-5.png]
[templates.envytheme.com/milkwash/default/assets/img/slider-shape/1.png]
[templates.envytheme.com/milkwash/default/assets/img/slider-shape/2.png]
[templates.envytheme.com/milkwash/default/assets/img/slider-shape/3.png]
[templates.envytheme.com/milkwash/default/assets/img/slider-shape/4.png]
[templates.envytheme.com/milkwash/default/assets/img/slider-shape/5.png]
[templates.envytheme.com/milkwash/default/assets/img/choose-shape/1.png]
[templates.envytheme.com/milkwash/default/assets/img/about-img/shape/1.png]
[templates.envytheme.com/milkwash/default/assets/img/about-img/shape/2.png]
[templates.envytheme.com/milkwash/default/assets/img/about-img/signeture.png]
[templates.envytheme.com/milkwash/default/assets/img/services-img/1.jpg]
[templates.envytheme.com/milkwash/default/assets/img/services-img/2.jpg]
[templates.envytheme.com/milkwash/default/assets/img/services-img/3.jpg]
[templates.envytheme.com/milkwash/default/assets/img/services-img/4.jpg]
[templates.envytheme.com/milkwash/default/assets/img/services-img/5.jpg]
[templates.envytheme.com/milkwash/default/assets/img/counter-shapepattern/1.png]
[templates.envytheme.com/milkwash/default/assets/img/counter-shapepattern/2.png]
[templates.envytheme.com/milkwash/default/assets/img/counter-shapepattern/3.png]
[templates.envytheme.com/milkwash/default/assets/img/counter-shapepattern/4.png]
[templates.envytheme.com/milkwash/default/assets/img/features-img/features-image.png]
[templates.envytheme.com/milkwash/default/assets/img/testimonial/1.png]
[templates.envytheme.com/milkwash/default/assets/img/testimonial/2.png]
[templates.envytheme.com/milkwash/default/assets/img/gallery-img/1.jpg]
[templates.envytheme.com/milkwash/default/assets/img/gallery-img/7.jpg]
[templates.envytheme.com/milkwash/default/assets/img/gallery-img/3.jpg]
[templates.envytheme.com/milkwash/default/assets/img/gallery-img/4.jpg]
[templates.envytheme.com/milkwash/default/assets/img/gallery-img/6.jpg]
[templates.envytheme.com/milkwash/default/assets/img/blog/1.jpg]
[templates.envytheme.com/milkwash/default/assets/img/blog/2.jpg]
[templates.envytheme.com/milkwash/default/assets/img/blog/3.jpg]
[templates.envytheme.com/milkwash/default/assets/img/footer/1.png]
[templates.envytheme.com/milkwash/default/assets/img/footer/instrugram/1.png]
[templates.envytheme.com/milkwash/default/assets/img/footer/instrugram/2.png]
[templates.envytheme.com/milkwash/default/assets/img/footer/instrugram/3.png]
[templates.envytheme.com/milkwash/default/assets/img/footer/instrugram/4.png]
[templates.envytheme.com/milkwash/default/assets/img/footer/instrugram/5.png]
[templates.envytheme.com/milkwash/default/assets/img/footer/instrugram/6.png]
[templates.envytheme.com/milkwash/default/index-4.html]
[templates.envytheme.com/milkwash/default/assets/img/services-img/7.jpg]
[templates.envytheme.com/milkwash/default/assets/img/services-img/9.jpg]
[templates.envytheme.com/milkwash/default/assets/img/services-img/6.jpg]
[templates.envytheme.com/milkwash/default/assets/img/latest-project/1.jpg]
[templates.envytheme.com/milkwash/default/assets/img/latest-project/4.jpg]
[templates.envytheme.com/milkwash/default/assets/img/latest-project/2.jpg]
[templates.envytheme.com/milkwash/default/assets/img/latest-project/3.jpg]
[templates.envytheme.com/milkwash/default/assets/img/about-img/about-bg2.jpg]
[templates.envytheme.com/milkwash/default/assets/img/banifits/1.jpg]
[templates.envytheme.com/milkwash/default/assets/img/banifits/2.jpg]
[templates.envytheme.com/milkwash/default/assets/img/banifits/3.jpg]
[templates.envytheme.com/milkwash/default/assets/img/banifits/4.png]
[templates.envytheme.com/milkwash/default/assets/img/testimonial/3.png]
[templates.envytheme.com/milkwash/default/index-5.html]
[templates.envytheme.com/milkwash/default/assets/img/car-washing/Car-washing-logo.png]
[templates.envytheme.com/milkwash/default/assets/img/car-washing/work-img1.jpg]
[templates.envytheme.com/milkwash/default/assets/img/car-washing/work-img2.jpg]
[templates.envytheme.com/milkwash/default/assets/img/car-washing/work-img3.jpg]
[templates.envytheme.com/milkwash/default/assets/img/car-washing/work-img4.jpg]
[templates.envytheme.com/milkwash/default/assets/img/car-washing/gallery-img1.png]
[templates.envytheme.com/milkwash/default/assets/img/car-washing/gallery-img2.png]
[templates.envytheme.com/milkwash/default/assets/img/car-washing/gallery-img3.png]
[templates.envytheme.com/milkwash/default/assets/img/car-washing/gallery-img4.png]
[templates.envytheme.com/milkwash/default/assets/img/car-washing/gallery-img5.png]
[templates.envytheme.com/milkwash/default/assets/img/car-washing/gallery-img6.png]
[templates.envytheme.com/milkwash/default/assets/img/car-washing/services-img1.jpg]
[templates.envytheme.com/milkwash/default/assets/img/car-washing/services-img2.jpg]
[templates.envytheme.com/milkwash/default/assets/img/car-washing/services-img3.jpg]
[templates.envytheme.com/milkwash/default/assets/img/car-washing/services-img4.jpg]
[templates.envytheme.com/milkwash/default/assets/img/car-washing/Car.png]
[templates.envytheme.com/milkwash/default/assets/img/car-washing/testimonials-img2.png]
[templates.envytheme.com/milkwash/default/assets/img/car-washing/testimonials-img1.png]
[templates.envytheme.com/milkwash/default/assets/img/car-washing/news-img1.jpg]
[templates.envytheme.com/milkwash/default/assets/img/car-washing/news-img-2.jpg]
[templates.envytheme.com/milkwash/default/assets/img/car-washing/news-img3.jpg]
[templates.envytheme.com/milkwash/default/assets/img/car-washing/Car-washing-logo2.png]
[templates.envytheme.com/milkwash/default/assets/img/car-washing/foot.jpg]
[templates.envytheme.com/milkwash/default/assets/img/car-washing/foot1.jpg]
[templates.envytheme.com/milkwash/default/assets/img/car-washing/foot3.jpg]
[templates.envytheme.com/milkwash/default/index-6.html]
[templates.envytheme.com/milkwash/default/assets/img/service-man.jpg]
[templates.envytheme.com/milkwash/default/assets/img/profile-img-1.jpg]
[templates.envytheme.com/milkwash/default/assets/img/profile-img-2.jpg]
[templates.envytheme.com/milkwash/default/assets/img/client-logo-1.jpg]
[templates.envytheme.com/milkwash/default/assets/img/client-logo-2.jpg]
[templates.envytheme.com/milkwash/default/assets/img/client-logo-3.jpg]
[templates.envytheme.com/milkwash/default/assets/img/client-logo-4.jpg]
[templates.envytheme.com/milkwash/default/assets/img/client-logo-5.jpg]
[templates.envytheme.com/milkwash/default/assets/img/client-logo-6.jpg]
[templates.envytheme.com/milkwash/default/about.html]
[templates.envytheme.com/milkwash/default/blog-2.html]
[templates.envytheme.com/milkwash/default/assets/img/blog-item-1.jpg]
[templates.envytheme.com/milkwash/default/assets/img/blog-item-2.jpg]
[templates.envytheme.com/milkwash/default/assets/img/blog-item-3.jpg]
[templates.envytheme.com/milkwash/default/assets/img/profile-img-3.jpg]
[templates.envytheme.com/milkwash/default/single-post.html]
[templates.envytheme.com/milkwash/default/assets/img/product-img.png]
[templates.envytheme.com/milkwash/default/single-shop.html]
[templates.envytheme.com/milkwash/default/single-service.html]
[templates.envytheme.com/milkwash/default/assets/img/sp-slider-1.jpg]
[templates.envytheme.com/milkwash/default/assets/img/sp-slider-2.jpg]
[templates.envytheme.com/milkwash/default/assets/img/sp-slider-3.jpg]
[templates.envytheme.com/milkwash/default/single-project.html]
[templates.envytheme.com/milkwash/default/our-team.html]
[templates.envytheme.com/milkwash/default/profile-details.html]
[templates.envytheme.com/milkwash/default/faq.html]
[templates.envytheme.com/milkwash/default/404.html]
[templates.envytheme.com/milkwash/default/services.html]
[templates.envytheme.com/milkwash/default/apartment-service.html]
[templates.envytheme.com/milkwash/default/office-service.html]
[templates.envytheme.com/milkwash/default/house-service.html]
[templates.envytheme.com/milkwash/default/assets/img/blog-item-4.jpg]
[templates.envytheme.com/milkwash/default/car-service.html]
[templates.envytheme.com/milkwash/default/maintenance-service.html]
[templates.envytheme.com/milkwash/default/assets/img/project-bg-7.jpg]
[templates.envytheme.com/milkwash/default/assets/img/project-bg-8.jpg]
[templates.envytheme.com/milkwash/default/assets/img/project-bg-9.jpg]
[templates.envytheme.com/milkwash/default/projects.html]
[templates.envytheme.com/milkwash/default/projects-2.html]
[templates.envytheme.com/milkwash/default/assets/img/gallery-item-1.jpg]
[templates.envytheme.com/milkwash/default/assets/img/gallery-item-2.jpg]
[templates.envytheme.com/milkwash/default/assets/img/gallery-item-3.jpg]
[templates.envytheme.com/milkwash/default/assets/img/gallery-item-4.jpg]
[templates.envytheme.com/milkwash/default/assets/img/gallery-item-5.jpg]
[templates.envytheme.com/milkwash/default/assets/img/gallery-item-6.jpg]
[templates.envytheme.com/milkwash/default/assets/img/gallery-item-7.jpg]
[templates.envytheme.com/milkwash/default/assets/img/gallery-item-8.jpg]
[templates.envytheme.com/milkwash/default/assets/img/gallery-item-9.jpg]
[templates.envytheme.com/milkwash/default/gallery.html]
[templates.envytheme.com/milkwash/default/shop.html]
[templates.envytheme.com/milkwash/default/shop-2.html]
[templates.envytheme.com/milkwash/default/assets/img/paypal-img.png]
[templates.envytheme.com/milkwash/default/checkout.html]
[templates.envytheme.com/milkwash/default/blog.html]
[templates.envytheme.com/milkwash/default/single-post-2.html]
[templates.envytheme.com/milkwash/default/contact-us.html]
[templates.envytheme.com/milkwash/default/assets/fonts/fontawesome-webfont3e6e.svg]
[templates.envytheme.com/milkwash/default/assets/css/owl.video.play.html]
[templates.envytheme.com/milkwash/default/assets/img/about-bg-1.html]
[templates.envytheme.com/milkwash/default/assets/img/about-bg-2.html]
[templates.envytheme.com/milkwash/default/assets/img/about-bg-3.html]
[templates.envytheme.com/milkwash/default/assets/img/about-bg-4.html]
[templates.envytheme.com/milkwash/default/assets/css/assets/img/mask.html]
[templates.envytheme.com/milkwash/default/assets/fonts/Flaticon.eot]
[templates.envytheme.com/milkwash/default/assets/fonts/Flaticond41d.eot]
[templates.envytheme.com/milkwash/default/assets/fonts/Flaticon.woff2]
[templates.envytheme.com/milkwash/default/assets/fonts/Flaticon.woff]
[templates.envytheme.com/milkwash/default/assets/fonts/Flaticon.ttf]
[templates.envytheme.com/milkwash/default/assets/css/flaticon.css]
[templates.envytheme.com/milkwash/default/assets/css/owl.theme.default.min.css]
[templates.envytheme.com/milkwash/default/assets/css/color/pink-color.css]
[templates.envytheme.com/milkwash/default/assets/fonts/Flaticon.svg]
[templates.envytheme.com/milkwash/default/assets/fonts/Flaticon.svg]
